[debug] [2025-04-29T21:34:10.680Z] ----------------------------------------------------------------------
[debug] [2025-04-29T21:34:10.682Z] Command:       C:\Program Files\nodejs\node.exe C:\Users\latif\AppData\Roaming\npm\node_modules\firebase-tools\lib\bin\firebase.js init
[debug] [2025-04-29T21:34:10.682Z] CLI Version:   14.2.1
[debug] [2025-04-29T21:34:10.682Z] Platform:      win32
[debug] [2025-04-29T21:34:10.682Z] Node Version:  v22.15.0
[debug] [2025-04-29T21:34:10.682Z] Time:          Tue Apr 29 2025 17:34:10 GMT-0400 (heure d’été de l’Est nord-américain)
[debug] [2025-04-29T21:34:10.682Z] ----------------------------------------------------------------------
[debug] 
[debug] [2025-04-29T21:34:10.868Z] > command requires scopes: ["email","openid","https://www.googleapis.com/auth/cloudplatformprojects.readonly","https://www.googleapis.com/auth/firebase","https://www.googleapis.com/auth/cloud-platform"]
[debug] [2025-04-29T21:34:10.869Z] > authorizing via signed-in user (lmlatifouare@gmail.com)
[info] 
     ######## #### ########  ######## ########     ###     ######  ########
     ##        ##  ##     ## ##       ##     ##  ##   ##  ##       ##
     ######    ##  ########  ######   ########  #########  ######  ######
     ##        ##  ##    ##  ##       ##     ## ##     ##       ## ##
     ##       #### ##     ## ######## ########  ##     ##  ######  ########

You're about to initialize a Firebase project in this directory:

  C:\Users\latif\socialweb

Before we get started, keep in mind:

  * You are initializing within an existing Firebase project directory

